<?xml version="1.0" encoding="utf-8"?><testsuites name="pytest tests"><testsuite name="pytest" errors="0" failures="0" skipped="0" tests="5" time="1.902" timestamp="2026-08-10T02:23:49.652908+00:00" hostname="agent-env-6a830662-bc20-4e13-918e-896d46b02e47"><testcase classname="backend.tests.test_auto_payout" name="test_regression_register_verify_login_same_origin" time="0.238" /><testcase classname="backend.tests.test_auto_payout" name="test_auto_payout_skip_no_onboarding" time="0.486" /><testcase classname="backend.tests.test_auto_payout" name="test_manual_payout_still_returns_same_reason" time="0.103" /><testcase classname="backend.tests.test_auto_payout" name="test_auto_payout_success_or_stripe_error" time="0.636" /><testcase classname="backend.tests.test_auto_payout" name="test_payout_idempotency_when_transfer_already_set" time="0.363" /></testsuite></testsuites>