<?xml version="1.0" encoding="utf-8"?><testsuites name="pytest tests"><testsuite name="pytest" errors="0" failures="0" skipped="0" tests="8" time="2.003" timestamp="2026-08-10T12:04:59.655869+00:00" hostname="agent-env-6a830662-bc20-4e13-918e-896d46b02e47"><testcase classname="backend.tests.test_auth_reset.TestRegisterLoginRegression" name="test_login_returns_json_not_html" time="0.410" /><testcase classname="backend.tests.test_auth_reset.TestRegisterLoginRegression" name="test_register_bad_phone_json_error" time="0.148" /><testcase classname="backend.tests.test_auth_reset.TestPasswordReset" name="test_forgot_password_known_email_returns_code" time="0.100" /><testcase classname="backend.tests.test_auth_reset.TestPasswordReset" name="test_forgot_password_unknown_email_no_code" time="0.102" /><testcase classname="backend.tests.test_auth_reset.TestPasswordReset" name="test_reset_password_wrong_code_400" time="0.136" /><testcase classname="backend.tests.test_auth_reset.TestPasswordReset" name="test_full_reset_flow_and_old_password_invalidated" time="0.419" /><testcase classname="backend.tests.test_auth_reset.TestPasswordReset" name="test_reset_password_short_password_400" time="0.255" /><testcase classname="backend.tests.test_auth_reset.TestPaymentsConfig" name="test_payments_config_manager" time="0.192" /></testsuite></testsuites>