<?xml version="1.0" encoding="utf-8"?><testsuites name="pytest tests"><testsuite name="pytest" errors="0" failures="0" skipped="0" tests="7" time="1.331" timestamp="2026-08-10T00:59:53.496768+00:00" hostname="agent-env-6a830662-bc20-4e13-918e-896d46b02e47"><testcase classname="backend.tests.test_shiftguard_stripe" name="test_healthz" time="0.130" /><testcase classname="backend.tests.test_shiftguard_stripe" name="test_payments_config" time="0.049" /><testcase classname="backend.tests.test_shiftguard_stripe" name="test_register_and_verify" time="0.100" /><testcase classname="backend.tests.test_shiftguard_stripe" name="test_login" time="0.048" /><testcase classname="backend.tests.test_shiftguard_stripe" name="test_create_shift" time="0.051" /><testcase classname="backend.tests.test_shiftguard_stripe" name="test_checkout_flow" time="0.767" /><testcase classname="backend.tests.test_shiftguard_stripe" name="test_webhook_invalid_signature" time="0.106" /></testsuite></testsuites>